#
# There is insufficient memory for the Java Runtime Environment to continue.
# Native memory allocation (mmap) failed to map 65536 bytes for Failed to commit area from 0x000002014f280000 to 0x000002014f290000 of length 65536.
# Possible reasons:
#   The system is out of physical RAM or swap space
#   The process is running with CompressedOops enabled, and the Java Heap may be blocking the growth of the native heap
# Possible solutions:
#   Reduce memory load on the system
#   Increase physical memory or swap space
#   Check if swap backing store is full
#   Decrease Java heap size (-Xmx/-Xms)
#   Decrease number of Java threads
#   Decrease Java thread stack sizes (-Xss)
#   Set larger code cache with -XX:ReservedCodeCacheSize=
# This output file may be truncated or incomplete.
#
#  Out of Memory Error (c:/cygwin64/tmp/ojdkbuild/lookaside/java-11-openjdk/src/hotspot/os/windows/os_windows.cpp:3269), pid=12744, tid=6400
#
# JRE version:  (11.0.1+13) (build )
# Java VM: OpenJDK 64-Bit Server VM (11.0.1-redhat+13-LTS, mixed mode, aot, sharing, tiered, compressed oops, g1 gc, windows-amd64)
# No core dump will be written. Minidumps are not enabled by default on client versions of Windows
#

---------------  S U M M A R Y ------------

Command Line: -XX:TieredStopAtLevel=1 -Xverify:none -Dspring.output.ansi.enabled=always -Dcom.sun.management.jmxremote -Dspring.jmx.enabled=true -Dspring.liveBeansView.mbeanDomain -Dspring.application.admin.enabled=true -javaagent:C:\Program Files\JetBrains\IntelliJ IDEA 2018.3\lib\idea_rt.jar=52694:C:\Program Files\JetBrains\IntelliJ IDEA 2018.3\bin -Dfile.encoding=UTF-8 com.example.springrestapi.SpringRestApiApplication

Host: Intel(R) Core(TM) i5-7400 CPU @ 3.00GHz, 4 cores, 7G,  Windows 10 , 64 bit Build 17134 (10.0.17134.753)
Time: Sat May 25 20:18:03 2019 ¢¥eCN©öI¡¾©ö C¡ÍA¨ª¨öA elapsed time: 0 seconds (0d 0h 0m 0s)

---------------  T H R E A D  ---------------

Current thread (0x0000020134ac3800):  JavaThread "Unknown thread" [_thread_in_vm, id=6400, stack(0x000000c411700000,0x000000c411800000)]

Stack: [0x000000c411700000,0x000000c411800000]
Native frames: (J=compiled Java code, j=interpreted, Vv=VM code, C=native code)
V  [jvm.dll+0x64b95a]
V  [jvm.dll+0x7e5cef]
V  [jvm.dll+0x7e72d8]
V  [jvm.dll+0x7e7993]
V  [jvm.dll+0x266d78]
V  [jvm.dll+0x648dea]
V  [jvm.dll+0x63d6a5]
V  [jvm.dll+0x31b8ac]
V  [jvm.dll+0x31b732]
V  [jvm.dll+0x3210be]
V  [jvm.dll+0x36d835]
V  [jvm.dll+0x36d230]
V  [jvm.dll+0x2f88fb]
V  [jvm.dll+0x2f9a56]
V  [jvm.dll+0x7bd407]
V  [jvm.dll+0x7bebaf]
V  [jvm.dll+0x37a689]
V  [jvm.dll+0x7a37b9]
V  [jvm.dll+0x3ebe9d]
V  [jvm.dll+0x3eea31]
C  [java.exe+0x3603]
C  [java.exe+0x1401c]
C  [KERNEL32.DLL+0x14034]
C  [ntdll.dll+0x73691]


---------------  P R O C E S S  ---------------

Threads class SMR info:
_java_thread_list=0x000002013321b1c0, length=0, elements={
}

Java Threads: ( => current thread )

Other Threads:
  0x0000020134adb800 GCTaskThread "GC Thread#0" [stack: 0x000000c411800000,0x000000c411900000] [id=4620]
  0x0000020134b0b000 ConcurrentGCThread "G1 Main Marker" [stack: 0x000000c411900000,0x000000c411a00000] [id=17496]
  0x0000020134b0c800 ConcurrentGCThread "G1 Conc#0" [stack: 0x000000c411a00000,0x000000c411b00000] [id=7304]

[error occurred during error reporting (printing all threads), id 0xc0000005, EXCEPTION_ACCESS_VIOLATION (0xc0000005) at pc=0x00007ffa95666ee7]

VM state:not at safepoint (not fully initialized)

VM Mutex/Monitor currently owned by a thread:  ([mutex/lock_event])
[0x0000020134ac1780] Heap_lock - owner thread: 0x0000020134ac3800

Heap address: 0x0000000081800000, size: 2024 MB, Compressed Oops mode: Non-zero based: 0x0000000081800000
Narrow klass base: 0x0000000000000000, Narrow klass shift: 0

GC Heap History (0 events):
No events

Deoptimization events (0 events):
No events

Classes redefined (0 events):
No events

Internal exceptions (0 events):
No events

Events (0 events):
No events


Dynamic libraries:
0x00007ff7babd0000 - 0x00007ff7bac69000 	C:\java\java-11\bin\java.exe
0x00007ffad1a20000 - 0x00007ffad1c01000 	C:\WINDOWS\SYSTEM32\ntdll.dll
0x00007ffacf0b0000 - 0x00007ffacf161000 	C:\WINDOWS\System32\KERNEL32.DLL
0x00007fface380000 - 0x00007fface5f3000 	C:\WINDOWS\System32\KERNELBASE.dll
0x00007ffad10e0000 - 0x00007ffad1270000 	C:\WINDOWS\System32\USER32.dll
0x00007ffacee90000 - 0x00007ffaceeb0000 	C:\WINDOWS\System32\win32u.dll
0x00007ffad0e50000 - 0x00007ffad0e78000 	C:\WINDOWS\System32\GDI32.dll
0x00007ffacde50000 - 0x00007ffacdfe2000 	C:\WINDOWS\System32\gdi32full.dll
0x00007ffacdff0000 - 0x00007fface08f000 	C:\WINDOWS\System32\msvcp_win.dll
0x00007fface090000 - 0x00007fface188000 	C:\WINDOWS\System32\ucrtbase.dll
0x00007ffab4ca0000 - 0x00007ffab4f09000 	C:\WINDOWS\WinSxS\amd64_microsoft.windows.common-controls_6595b64144ccf1df_6.0.17134.765_none_fb42a1a930655896\COMCTL32.dll
0x00007ffad18a0000 - 0x00007ffad193e000 	C:\WINDOWS\System32\msvcrt.dll
0x00007ffad0b20000 - 0x00007ffad0e42000 	C:\WINDOWS\System32\combase.dll
0x00007ffad0680000 - 0x00007ffad07a4000 	C:\WINDOWS\System32\RPCRT4.dll
0x00007ffaced10000 - 0x00007ffaced8a000 	C:\WINDOWS\System32\bcryptPrimitives.dll
0x00007ffad1090000 - 0x00007ffad10bd000 	C:\WINDOWS\System32\IMM32.DLL
0x00007ffac6fe0000 - 0x00007ffac6ff6000 	C:\java\java-11\bin\vcruntime140.dll
0x00007ffaa3860000 - 0x00007ffaa390a000 	C:\java\java-11\bin\msvcp140.dll
0x00007ffa95360000 - 0x00007ffa95f37000 	C:\java\java-11\bin\server\jvm.dll
0x00007ffad0a70000 - 0x00007ffad0b11000 	C:\WINDOWS\System32\ADVAPI32.dll
0x00007ffad1840000 - 0x00007ffad189b000 	C:\WINDOWS\System32\sechost.dll
0x00007ffad12d0000 - 0x00007ffad12d8000 	C:\WINDOWS\System32\PSAPI.DLL
0x00007ffac8d10000 - 0x00007ffac8d19000 	C:\WINDOWS\SYSTEM32\WSOCK32.dll
0x00007ffad0e80000 - 0x00007ffad0eec000 	C:\WINDOWS\System32\WS2_32.dll
0x00007ffacbb00000 - 0x00007ffacbb23000 	C:\WINDOWS\SYSTEM32\WINMM.dll
0x00007ffac7e80000 - 0x00007ffac7e8a000 	C:\WINDOWS\SYSTEM32\VERSION.dll
0x00007ffacb8e0000 - 0x00007ffacb90a000 	C:\WINDOWS\SYSTEM32\WINMMBASE.dll
0x00007ffaced90000 - 0x00007ffacedd9000 	C:\WINDOWS\System32\cfgmgr32.dll
0x00007ffacddd0000 - 0x00007ffacdde1000 	C:\WINDOWS\System32\kernel.appcore.dll
0x00007ffac6fc0000 - 0x00007ffac6fd1000 	C:\java\java-11\bin\verify.dll
0x00007ffabec40000 - 0x00007ffabee09000 	C:\WINDOWS\SYSTEM32\DBGHELP.DLL
0x00007ffabeb70000 - 0x00007ffabeb99000 	C:\WINDOWS\SYSTEM32\dbgcore.DLL
0x00007ffac6380000 - 0x00007ffac63a5000 	C:\java\java-11\bin\java.dll
0x00007ffabb380000 - 0x00007ffabb3af000 	C:\java\java-11\bin\instrument.dll
0x00007ffac6fa0000 - 0x00007ffac6fb7000 	C:\java\java-11\bin\zip.dll
0x00007ffac7120000 - 0x00007ffac712a000 	C:\java\java-11\bin\jimage.dll

dbghelp: loaded successfully - version: 4.0.5 - missing functions: none
symbol engine: initialized successfully - sym options: 0x614 - pdb path: .;C:\java\java-11\bin;C:\WINDOWS\SYSTEM32;C:\WINDOWS\WinSxS\amd64_microsoft.windows.common-controls_6595b64144ccf1df_6.0.17134.765_none_fb42a1a930655896;C:\java\java-11\bin\server

VM Arguments:
jvm_args: -XX:TieredStopAtLevel=1 -Xverify:none -Dspring.output.ansi.enabled=always -Dcom.sun.management.jmxremote -Dspring.jmx.enabled=true -Dspring.liveBeansView.mbeanDomain -Dspring.application.admin.enabled=true -javaagent:C:\Program Files\JetBrains\IntelliJ IDEA 2018.3\lib\idea_rt.jar=52694:C:\Program Files\JetBrains\IntelliJ IDEA 2018.3\bin -Dfile.encoding=UTF-8 
java_command: com.example.springrestapi.SpringRestApiApplication
java_class_path (initial): C:\Users\user\Desktop\Spring-Boot-Community-Rest\spring-rest-api\target\classes;C:\Users\user\.m2\repository\org\springframework\boot\spring-boot-starter-data-jpa\2.1.5.RELEASE\spring-boot-starter-data-jpa-2.1.5.RELEASE.jar;C:\Users\user\.m2\repository\org\springframework\boot\spring-boot-starter-aop\2.1.5.RELEASE\spring-boot-starter-aop-2.1.5.RELEASE.jar;C:\Users\user\.m2\repository\org\springframework\spring-aop\5.1.7.RELEASE\spring-aop-5.1.7.RELEASE.jar;C:\Users\user\.m2\repository\org\aspectj\aspectjweaver\1.9.4\aspectjweaver-1.9.4.jar;C:\Users\user\.m2\repository\org\springframework\boot\spring-boot-starter-jdbc\2.1.5.RELEASE\spring-boot-starter-jdbc-2.1.5.RELEASE.jar;C:\Users\user\.m2\repository\com\zaxxer\HikariCP\3.2.0\HikariCP-3.2.0.jar;C:\Users\user\.m2\repository\org\springframework\spring-jdbc\5.1.7.RELEASE\spring-jdbc-5.1.7.RELEASE.jar;C:\Users\user\.m2\repository\javax\transaction\javax.transaction-api\1.3\javax.transaction-api-1.3.jar;C:\Users\user\.m2\repository\javax\xml\bind\jaxb-api\2.3.1\jaxb-api-2.3.1.jar;C:\Users\user\.m2\repository\javax\activation\javax.activation-api\1.2.0\javax.activation-api-1.2.0.jar;C:\Users\user\.m2\repository\org\hibernate\hibernate-core\5.3.10.Final\hibernate-core-5.3.10.Final.jar;C:\Users\user\.m2\repository\org\jboss\logging\jboss-logging\3.3.2.Final\jboss-logging-3.3.2.Final.jar;C:\Users\user\.m2\repository\javax\persistence\javax.persistence-api\2.2\javax.persistence-api-2.2.jar;C:\Users\user\.m2\repository\org\javassist\javassist\3.23.2-GA\javassist-3.23.2-GA.jar;C:\Users\user\.m2\repository\net\bytebuddy\byte-buddy\1.9.12\byte-buddy-1.9.12.jar;C:\Users\user\.m2\repository\antlr\antlr\2.7.7\antlr-2.7.7.jar;C:\Users\user\.m2\repository\org\jboss\jandex\2.0.5.Final\jandex-2.0.5.Final.jar;C:\Users\user\.m2\repository\com\fasterxml\classmate\1.4.0\classmate-1.4.0.jar;C:\Users\user\.m2\repository\org\dom4j\dom4j\2.1.1\dom4j-2.1.1.jar;C:\Users\user\.m2\repository\org\hibernate\common\hibern
Launcher Type: SUN_STANDARD

[Global flags]
     bool BytecodeVerificationLocal                = false                                     {product} {command line}
     bool BytecodeVerificationRemote               = false                                     {product} {command line}
     intx CICompilerCount                          = 3                                         {product} {ergonomic}
     uint ConcGCThreads                            = 1                                         {product} {ergonomic}
     uint G1ConcRefinementThreads                  = 4                                         {product} {ergonomic}
   size_t G1HeapRegionSize                         = 1048576                                   {product} {ergonomic}
    uintx GCDrainStackTargetSize                   = 64                                        {product} {ergonomic}
   size_t InitialHeapSize                          = 134217728                                 {product} {ergonomic}
     bool ManagementServer                         = true                                      {product} {command line}
   size_t MarkStackSize                            = 4194304                                   {product} {ergonomic}
   size_t MaxHeapSize                              = 2122317824                                {product} {ergonomic}
   size_t MinHeapDeltaBytes                        = 1048576                                   {product} {ergonomic}
    uintx NonNMethodCodeHeapSize                   = 6973028                                {pd product} {ergonomic}
    uintx NonProfiledCodeHeapSize                  = 244685212                              {pd product} {ergonomic}
    uintx ProfiledCodeHeapSize                     = 0                                      {pd product} {ergonomic}
    uintx ReservedCodeCacheSize                    = 251658240                              {pd product} {ergonomic}
     bool SegmentedCodeCache                       = true                                      {product} {ergonomic}
     intx TieredStopAtLevel                        = 1                                         {product} {command line}
     bool UseCompressedClassPointers               = true                                 {lp64_product} {ergonomic}
     bool UseCompressedOops                        = true                                 {lp64_product} {ergonomic}
     bool UseG1GC                                  = true                                      {product} {ergonomic}
     bool UseLargePagesIndividualAllocation        = false                                  {pd product} {ergonomic}

Logging:
Log output configuration:
 #0: stdout all=warning uptime,level,tags
 #1: stderr all=off uptime,level,tags

Environment Variables:
JAVA_HOME=C:\java\java-11
CLASSPATH=.;C:\java\java-11\lib\tools.jar;
PATH=C:\java\java-11\bin;C:\oraclexe\app\oracle\product\11.2.0\server\bin;C:\oraclexe\app\oracle\product\11.2.0\server\bin;C:\WINDOWS\system32;C:\WINDOWS;C:\WINDOWS\System32\Wbem;C:\WINDOWS\System32\WindowsPowerShell\v1.0\;C:\Program Files (x86)\Dev-Cpp\MinGW64\bin;C:\Program Files\PuTTY\;C:\Program Files\apache-maven-3.5.0\bin;C:\Users\user\.m2\repository\org\apache\maven\apache-maven-3.5.0-bin\apache-maven-3.5.0\bin;C:\Program Files\Microsoft SQL Server Migration Assistant for Access\bin\;C:\Program Files\Microsoft SQL Server Migration Assistant for MySQL\bin\;C:\WINDOWS\System32\OpenSSH\;C:\gradle\bin;C:\maven\bin;C:\Program Files (x86)\Common Files\Adobe\AGL;C:\Users\user\Anaconda3;C:\Program Files\nodejs\;C:\Users\user\Desktop\Tor Browser\Browser\TorBrowser\Tor;C:\Program Files\Git\cmd;C:\Program Files\Amazon\AWSCLI\;C:\php7;C:\Apache24\bin;C:\Users\user\AppData\Local\Microsoft\WindowsApps;C:\Program Files\Bandizip\;;C:\Program Files\Microsoft VS Code\bin;C:\Users\user\AppData\Local\Programs\Microsoft VS Code\bin;C:\Users\user\AppData\Roaming\npm;C:\Users\user\AppData\Local\Programs\Fiddler
USERNAME=user
OS=Windows_NT
PROCESSOR_IDENTIFIER=Intel64 Family 6 Model 158 Stepping 9, GenuineIntel



---------------  S Y S T E M  ---------------

OS: Windows 10 , 64 bit Build 17134 (10.0.17134.753)

CPU:total 4 (initial active 4) (4 cores per cpu, 1 threads per core) family 6 model 158 stepping 9, cmov, cx8, fxsr, mmx, sse, sse2, sse3, ssse3, sse4.1, sse4.2, popcnt, avx, avx2, aes, clmul, erms, 3dnowpref, lzcnt, tsc, tscinvbit, bmi1, bmi2, adx, fma

Memory: 4k page, system-wide physical 8091M (1669M free)
TotalPageFile size 12187M (AvailPageFile size 12M)
current process WorkingSet (physical memory assigned to process): 12M, peak: 12M
current process commit charge ("private bytes"): 179M, peak: 179M

vm_info: OpenJDK 64-Bit Server VM (11.0.1-redhat+13-LTS) for windows-amd64 JRE (11.0.1-redhat+13-LTS), built on Oct 25 2018 09:40:01 by "" with MS VC++ 15.5 (VS2017)

END.
